<?xml version="1.0" encoding="UTF-8"?>
<coverage generated="1624708687362" clover="3.2.0">
  <project timestamp="1624708687362" name="All files">
    <metrics statements="35" coveredstatements="28" conditionals="26" coveredconditionals="17" methods="6" coveredmethods="5" elements="67" coveredelements="50" complexity="0" loc="35" ncloc="35" packages="1" files="1" classes="1"/>
    <file name="find-duplicates.js" path="E:\HCL_Test\test-find-duplicate-transaction\src\find-duplicates.js">
      <metrics statements="35" coveredstatements="28" conditionals="26" coveredconditionals="17" methods="6" coveredmethods="5"/>
      <line num="2" count="1" type="cond" truecount="3" falsecount="0"/>
      <line num="3" count="1" type="cond" truecount="1" falsecount="1"/>
      <line num="4" count="0" type="stmt"/>
      <line num="5" count="0" type="stmt"/>
      <line num="6" count="0" type="cond" truecount="0" falsecount="2"/>
      <line num="7" count="0" type="stmt"/>
      <line num="9" count="0" type="stmt"/>
      <line num="11" count="1" type="stmt"/>
      <line num="13" count="1" type="cond" truecount="3" falsecount="0"/>
      <line num="14" count="12" type="stmt"/>
      <line num="15" count="60" type="cond" truecount="4" falsecount="0"/>
      <line num="16" count="48" type="stmt"/>
      <line num="17" count="12" type="cond" truecount="3" falsecount="1"/>
      <line num="18" count="12" type="stmt"/>
      <line num="19" count="0" type="cond" truecount="0" falsecount="4"/>
      <line num="20" count="0" type="stmt"/>
      <line num="22" count="12" type="stmt"/>
      <line num="24" count="1" type="stmt"/>
      <line num="25" count="1" type="stmt"/>
      <line num="52" count="2" type="stmt"/>
      <line num="53" count="2" type="stmt"/>
      <line num="54" count="12" type="stmt"/>
      <line num="55" count="12" type="stmt"/>
      <line num="56" count="28" type="stmt"/>
      <line num="57" count="28" type="cond" truecount="2" falsecount="0"/>
      <line num="58" count="3" type="stmt"/>
      <line num="59" count="3" type="cond" truecount="1" falsecount="1"/>
      <line num="60" count="3" type="stmt"/>
      <line num="61" count="3" type="stmt"/>
      <line num="63" count="3" type="stmt"/>
      <line num="66" count="12" type="stmt"/>
      <line num="68" count="6" type="stmt"/>
      <line num="69" count="2" type="stmt"/>
      <line num="71" count="1" type="stmt"/>
      <line num="72" count="1" type="stmt"/>
    </file>
  </project>
</coverage>
