{"E:\\HCL_Test\\test-find-duplicate-transaction\\src\\find-duplicates.js": {"path":"E:\\HCL_Test\\test-find-duplicate-transaction\\src\\find-duplicates.js","statementMap":{"0":{"start":{"line":2,"column":15},"end":{"line":12,"column":1}},"1":{"start":{"line":3,"column":4},"end":{"line":10,"column":6}},"2":{"start":{"line":4,"column":8},"end":{"line":8,"column":9}},"3":{"start":{"line":4,"column":24},"end":{"line":4,"column":25}},"4":{"start":{"line":4,"column":31},"end":{"line":4,"column":47}},"5":{"start":{"line":5,"column":12},"end":{"line":5,"column":29}},"6":{"start":{"line":6,"column":12},"end":{"line":7,"column":28}},"7":{"start":{"line":6,"column":29},"end":{"line":7,"column":28}},"8":{"start":{"line":7,"column":16},"end":{"line":7,"column":28}},"9":{"start":{"line":9,"column":8},"end":{"line":9,"column":17}},"10":{"start":{"line":11,"column":4},"end":{"line":11,"column":43}},"11":{"start":{"line":13,"column":13},"end":{"line":23,"column":1}},"12":{"start":{"line":14,"column":12},"end":{"line":14,"column":14}},"13":{"start":{"line":15,"column":4},"end":{"line":16,"column":20}},"14":{"start":{"line":15,"column":21},"end":{"line":16,"column":20}},"15":{"start":{"line":16,"column":8},"end":{"line":16,"column":20}},"16":{"start":{"line":17,"column":4},"end":{"line":21,"column":9}},"17":{"start":{"line":18,"column":8},"end":{"line":21,"column":9}},"18":{"start":{"line":18,"column":21},"end":{"line":18,"column":22}},"19":{"start":{"line":18,"column":28},"end":{"line":18,"column":59}},"20":{"start":{"line":19,"column":12},"end":{"line":20,"column":34}},"21":{"start":{"line":20,"column":16},"end":{"line":20,"column":34}},"22":{"start":{"line":22,"column":4},"end":{"line":22,"column":13}},"23":{"start":{"line":24,"column":0},"end":{"line":24,"column":62}},"24":{"start":{"line":25,"column":0},"end":{"line":25,"column":43}},"25":{"start":{"line":52,"column":31},"end":{"line":52,"column":33}},"26":{"start":{"line":53,"column":4},"end":{"line":67,"column":18}},"27":{"start":{"line":54,"column":17},"end":{"line":54,"column":27}},"28":{"start":{"line":54,"column":51},"end":{"line":54,"column":74}},"29":{"start":{"line":55,"column":8},"end":{"line":65,"column":9}},"30":{"start":{"line":55,"column":22},"end":{"line":55,"column":23}},"31":{"start":{"line":55,"column":30},"end":{"line":55,"column":63}},"32":{"start":{"line":56,"column":21},"end":{"line":56,"column":27}},"33":{"start":{"line":56,"column":45},"end":{"line":56,"column":50}},"34":{"start":{"line":56,"column":78},"end":{"line":56,"column":83}},"35":{"start":{"line":57,"column":12},"end":{"line":64,"column":13}},"36":{"start":{"line":58,"column":16},"end":{"line":58,"column":51}},"37":{"start":{"line":59,"column":16},"end":{"line":62,"column":17}},"38":{"start":{"line":60,"column":20},"end":{"line":60,"column":104}},"39":{"start":{"line":61,"column":20},"end":{"line":61,"column":56}},"40":{"start":{"line":63,"column":16},"end":{"line":63,"column":22}},"41":{"start":{"line":66,"column":8},"end":{"line":66,"column":64}},"42":{"start":{"line":68,"column":4},"end":{"line":68,"column":115}},"43":{"start":{"line":68,"column":70},"end":{"line":68,"column":111}},"44":{"start":{"line":69,"column":4},"end":{"line":69,"column":32}},"45":{"start":{"line":71,"column":0},"end":{"line":71,"column":62}},"46":{"start":{"line":72,"column":0},"end":{"line":115,"column":4}}},"fnMap":{"0":{"name":"(anonymous_0)","decl":{"start":{"line":2,"column":42},"end":{"line":2,"column":43}},"loc":{"start":{"line":2,"column":54},"end":{"line":12,"column":1}},"line":2},"1":{"name":"(anonymous_1)","decl":{"start":{"line":3,"column":32},"end":{"line":3,"column":33}},"loc":{"start":{"line":3,"column":44},"end":{"line":10,"column":5}},"line":3},"2":{"name":"(anonymous_2)","decl":{"start":{"line":13,"column":38},"end":{"line":13,"column":39}},"loc":{"start":{"line":13,"column":54},"end":{"line":23,"column":1}},"line":13},"3":{"name":"findDuplicateTransactions","decl":{"start":{"line":51,"column":9},"end":{"line":51,"column":34}},"loc":{"start":{"line":51,"column":49},"end":{"line":70,"column":1}},"line":51},"4":{"name":"(anonymous_4)","decl":{"start":{"line":53,"column":24},"end":{"line":53,"column":25}},"loc":{"start":{"line":53,"column":56},"end":{"line":67,"column":5}},"line":53},"5":{"name":"(anonymous_5)","decl":{"start":{"line":68,"column":30},"end":{"line":68,"column":31}},"loc":{"start":{"line":68,"column":68},"end":{"line":68,"column":113}},"line":68}},"branchMap":{"0":{"loc":{"start":{"line":2,"column":15},"end":{"line":12,"column":1}},"type":"binary-expr","locations":[{"start":{"line":2,"column":16},"end":{"line":2,"column":20}},{"start":{"line":2,"column":24},"end":{"line":2,"column":37}},{"start":{"line":2,"column":42},"end":{"line":12,"column":1}}],"line":2},"1":{"loc":{"start":{"line":3,"column":15},"end":{"line":10,"column":5}},"type":"binary-expr","locations":[{"start":{"line":3,"column":15},"end":{"line":3,"column":28}},{"start":{"line":3,"column":32},"end":{"line":10,"column":5}}],"line":3},"2":{"loc":{"start":{"line":6,"column":29},"end":{"line":7,"column":28}},"type":"if","locations":[{"start":{"line":6,"column":29},"end":{"line":7,"column":28}},{"start":{"line":6,"column":29},"end":{"line":7,"column":28}}],"line":6},"3":{"loc":{"start":{"line":13,"column":13},"end":{"line":23,"column":1}},"type":"binary-expr","locations":[{"start":{"line":13,"column":14},"end":{"line":13,"column":18}},{"start":{"line":13,"column":22},"end":{"line":13,"column":33}},{"start":{"line":13,"column":38},"end":{"line":23,"column":1}}],"line":13},"4":{"loc":{"start":{"line":15,"column":21},"end":{"line":16,"column":20}},"type":"if","locations":[{"start":{"line":15,"column":21},"end":{"line":16,"column":20}},{"start":{"line":15,"column":21},"end":{"line":16,"column":20}}],"line":15},"5":{"loc":{"start":{"line":15,"column":25},"end":{"line":15,"column":87}},"type":"binary-expr","locations":[{"start":{"line":15,"column":25},"end":{"line":15,"column":67}},{"start":{"line":15,"column":71},"end":{"line":15,"column":87}}],"line":15},"6":{"loc":{"start":{"line":17,"column":4},"end":{"line":21,"column":9}},"type":"if","locations":[{"start":{"line":17,"column":4},"end":{"line":21,"column":9}},{"start":{"line":17,"column":4},"end":{"line":21,"column":9}}],"line":17},"7":{"loc":{"start":{"line":17,"column":8},"end":{"line":17,"column":71}},"type":"binary-expr","locations":[{"start":{"line":17,"column":8},"end":{"line":17,"column":17}},{"start":{"line":17,"column":21},"end":{"line":17,"column":71}}],"line":17},"8":{"loc":{"start":{"line":19,"column":12},"end":{"line":20,"column":34}},"type":"if","locations":[{"start":{"line":19,"column":12},"end":{"line":20,"column":34}},{"start":{"line":19,"column":12},"end":{"line":20,"column":34}}],"line":19},"9":{"loc":{"start":{"line":19,"column":16},"end":{"line":19,"column":90}},"type":"binary-expr","locations":[{"start":{"line":19,"column":16},"end":{"line":19,"column":35}},{"start":{"line":19,"column":39},"end":{"line":19,"column":90}}],"line":19},"10":{"loc":{"start":{"line":57,"column":12},"end":{"line":64,"column":13}},"type":"if","locations":[{"start":{"line":57,"column":12},"end":{"line":64,"column":13}},{"start":{"line":57,"column":12},"end":{"line":64,"column":13}}],"line":57},"11":{"loc":{"start":{"line":59,"column":16},"end":{"line":62,"column":17}},"type":"if","locations":[{"start":{"line":59,"column":16},"end":{"line":62,"column":17}},{"start":{"line":59,"column":16},"end":{"line":62,"column":17}}],"line":59}},"s":{"0":1,"1":1,"2":0,"3":0,"4":0,"5":0,"6":0,"7":0,"8":0,"9":0,"10":1,"11":1,"12":12,"13":12,"14":60,"15":48,"16":12,"17":12,"18":12,"19":12,"20":0,"21":0,"22":12,"23":1,"24":1,"25":2,"26":2,"27":12,"28":12,"29":12,"30":12,"31":12,"32":28,"33":28,"34":28,"35":28,"36":3,"37":3,"38":3,"39":3,"40":3,"41":12,"42":2,"43":6,"44":2,"45":1,"46":1},"f":{"0":1,"1":0,"2":12,"3":2,"4":12,"5":6},"b":{"0":[1,1,1],"1":[1,0],"2":[0,0],"3":[1,1,1],"4":[48,12],"5":[60,60],"6":[12,0],"7":[12,12],"8":[0,0],"9":[0,0],"10":[3,25],"11":[3,0]},"inputSourceMap":null,"_coverageSchema":"1a1c01bbd47fc00a2c39e90264f33305004495a9","hash":"68f6e5e4b5d9200b0873adbc1953717bce51fd8e"}
}
