TN:
SF:src\find-duplicates.js
FN:2,(anonymous_0)
FN:3,(anonymous_1)
FN:13,(anonymous_2)
FN:51,findDuplicateTransactions
FN:53,(anonymous_4)
FN:68,(anonymous_5)
FNF:6
FNH:5
FNDA:1,(anonymous_0)
FNDA:0,(anonymous_1)
FNDA:12,(anonymous_2)
FNDA:2,findDuplicateTransactions
FNDA:12,(anonymous_4)
FNDA:6,(anonymous_5)
DA:2,1
DA:3,1
DA:4,0
DA:5,0
DA:6,0
DA:7,0
DA:9,0
DA:11,1
DA:13,1
DA:14,12
DA:15,60
DA:16,48
DA:17,12
DA:18,12
DA:19,0
DA:20,0
DA:22,12
DA:24,1
DA:25,1
DA:52,2
DA:53,2
DA:54,12
DA:55,12
DA:56,28
DA:57,28
DA:58,3
DA:59,3
DA:60,3
DA:61,3
DA:63,3
DA:66,12
DA:68,6
DA:69,2
DA:71,1
DA:72,1
LF:35
LH:28
BRDA:2,0,0,1
BRDA:2,0,1,1
BRDA:2,0,2,1
BRDA:3,1,0,1
BRDA:3,1,1,0
BRDA:6,2,0,0
BRDA:6,2,1,0
BRDA:13,3,0,1
BRDA:13,3,1,1
BRDA:13,3,2,1
BRDA:15,4,0,48
BRDA:15,4,1,12
BRDA:15,5,0,60
BRDA:15,5,1,60
BRDA:17,6,0,12
BRDA:17,6,1,0
BRDA:17,7,0,12
BRDA:17,7,1,12
BRDA:19,8,0,0
BRDA:19,8,1,0
BRDA:19,9,0,0
BRDA:19,9,1,0
BRDA:57,10,0,3
BRDA:57,10,1,25
BRDA:59,11,0,3
BRDA:59,11,1,0
BRF:26
BRH:17
end_of_record
